2022-06-12 17:15:12,451 root         INFO     starting...
2022-06-12 17:15:12,451 root         DEBUG    args are : Namespace(branches=['develop'], log='info', number=1000, repo_path=PosixPath('/scratch1/NCEPDEV/nems/role.esmfmaint/esmf-test-artifacts'))
2022-06-12 17:15:12,452 root         DEBUG    pulling artifacts
2022-06-12 17:15:13,373 root         DEBUG    cloning summaries
2022-06-12 17:15:13,374 root         DEBUG    cloning git@github.com:esmf-org/esmf-test-summary.git into /tmp/esmf_branch_summary_space
2022-06-12 17:15:14,196 root         DEBUG    pulling summaries
2022-06-12 17:15:14,600 root         INFO     itterating over 1 branches in 13 machines over 1000 most recent commits
2022-06-12 17:15:14,600 root         INFO     generating summaries for develop [acorn]
2022-06-12 17:15:14,600 root         DEBUG    checking out acorn
2022-06-12 17:15:26,387 root         DEBUG    pulling from acorn
2022-06-12 17:15:26,800 root         INFO     processing hash [0: v8.4.0b01-1-g3c875a5]
2022-06-12 17:15:26,801 root         DEBUG    generating summary for [v8.4.0b01-1-g3c875a5]
2022-06-12 17:15:26,801 root         DEBUG    fetching matching logs to determine build pass/fail
2022-06-12 17:15:26,825 root         DEBUG    matched other version v8.4.0b01-1-g3c875a5b01
2022-06-12 17:15:26,853 root         DEBUG    matched other version v8.4.0b01-1-g3c875a5b01
2022-06-12 17:15:26,905 root         DEBUG    matched other version v8.4.0b01-1-g3c875a5b01
2022-06-12 17:15:26,915 root         DEBUG    matched other version v8.4.0b01-1-g3c875a5b01
2022-06-12 17:15:26,987 root         DEBUG    matching logs: 4
2022-06-12 17:15:26,987 root         DEBUG    fetching matching summaries to extract test results
2022-06-12 17:15:26,991 root         DEBUG    matched other version v8.4.0b01-1-g3c875a5b01
2022-06-12 17:15:26,995 root         DEBUG    matched other version v8.4.0b01-1-g3c875a5b01
2022-06-12 17:15:27,003 root         DEBUG    matched other version v8.4.0b01-1-g3c875a5b01
2022-06-12 17:15:27,005 root         DEBUG    matched other version v8.4.0b01-1-g3c875a5b01
2022-06-12 17:15:27,045 root         DEBUG    matching summaries: 4
2022-06-12 17:15:27,090 root         DEBUG    finished reading logs
2022-06-12 17:15:27,090 root         ERROR    found no numeric unit test results, setting to fail [/scratch1/NCEPDEV/nems/role.esmfmaint/esmf-test-artifacts/develop/acorn/gfortran/10.3.0/g/mpi/8.1.7/summary.dat]
2022-06-12 17:15:27,090 root         ERROR    message: invalid literal for int() with base 10: 'unit'
2022-06-12 17:15:27,091 root         ERROR    line being parsed: unit tests did not complete
2022-06-12 17:15:27,091 root         ERROR    found no numeric system test results, setting to fail [/scratch1/NCEPDEV/nems/role.esmfmaint/esmf-test-artifacts/develop/acorn/gfortran/10.3.0/g/mpi/8.1.7/summary.dat]
2022-06-12 17:15:27,091 root         ERROR    message: invalid literal for int() with base 10: 'system'
2022-06-12 17:15:27,091 root         ERROR    line being parsed: system tests did not complete
2022-06-12 17:15:27,091 root         ERROR    found no numeric example test results, setting to fail [/scratch1/NCEPDEV/nems/role.esmfmaint/esmf-test-artifacts/develop/acorn/gfortran/10.3.0/g/mpi/8.1.7/summary.dat]
2022-06-12 17:15:27,091 root         ERROR    message: invalid literal for int() with base 10: 'No'
2022-06-12 17:15:27,091 root         ERROR    line being parsed: No examples ran
2022-06-12 17:15:28,901 root         ERROR    found no numeric unit test results, setting to fail [/scratch1/NCEPDEV/nems/role.esmfmaint/esmf-test-artifacts/develop/acorn/gfortran/10.3.0/O/mpi/8.1.7/summary.dat]
2022-06-12 17:15:28,902 root         ERROR    message: invalid literal for int() with base 10: 'unit'
2022-06-12 17:15:28,902 root         ERROR    line being parsed: unit tests did not complete
2022-06-12 17:15:28,902 root         ERROR    found no numeric system test results, setting to fail [/scratch1/NCEPDEV/nems/role.esmfmaint/esmf-test-artifacts/develop/acorn/gfortran/10.3.0/O/mpi/8.1.7/summary.dat]
2022-06-12 17:15:28,902 root         ERROR    message: invalid literal for int() with base 10: 'system'
2022-06-12 17:15:28,902 root         ERROR    line being parsed: system tests did not complete
2022-06-12 17:15:28,902 root         ERROR    found no numeric example test results, setting to fail [/scratch1/NCEPDEV/nems/role.esmfmaint/esmf-test-artifacts/develop/acorn/gfortran/10.3.0/O/mpi/8.1.7/summary.dat]
2022-06-12 17:15:28,902 root         ERROR    message: invalid literal for int() with base 10: 'No'
2022-06-12 17:15:28,902 root         ERROR    line being parsed: No examples ran
2022-06-12 17:15:29,003 root         DEBUG    checking out summary
2022-06-12 17:15:29,003 root         DEBUG    writing archive v8.4.0b01-1-g3c875a5 length 4
2022-06-12 17:15:29,023 root         INFO     processed [4] rows
2022-06-12 17:15:29,023 root         DEBUG    writing files /tmp/esmf_branch_summary_space/develop/v8.4.0b01-1-g3c875a5
2022-06-12 17:15:29,024 root         DEBUG    writing file -latest: /tmp/esmf_branch_summary_space/develop/v8.4.0b01-1-g3c875a5
2022-06-12 17:15:29,026 root         DEBUG    writing file md: /tmp/esmf_branch_summary_space/develop/v8.4.0b01-1-g3c875a5
2022-06-12 17:15:29,028 root         DEBUG    writing file csv[4]: /tmp/esmf_branch_summary_space/develop/v8.4.0b01-1-g3c875a5
2022-06-12 17:15:29,028 root         DEBUG    adding all modified files in summary
2022-06-12 17:15:29,035 root         DEBUG    committing to summary
2022-06-12 17:15:30,123 root         INFO     finished summary for B:develop M: acorn [v8.4.0b01-1-g3c875a5]
2022-06-12 17:15:30,124 root         INFO     processing hash [1: v8.4.0b01]
2022-06-12 17:15:30,124 root         DEBUG    generating summary for [v8.4.0b01]
2022-06-12 17:15:30,124 root         DEBUG    fetching matching logs to determine build pass/fail
2022-06-12 17:15:30,257 root         DEBUG    matching logs: 0
2022-06-12 17:15:30,257 root         DEBUG    fetching matching summaries to extract test results
2022-06-12 17:15:30,316 root         DEBUG    matching summaries: 0
2022-06-12 17:15:30,317 root         DEBUG    finished reading logs
2022-06-12 17:15:30,317 root         INFO     missing summary data for v8.4.0b01, develop [acorn]
2022-06-12 17:15:30,317 root         INFO     processing hash [2: v8.4.0b00]
2022-06-12 17:15:30,317 root         DEBUG    generating summary for [v8.4.0b00]
2022-06-12 17:15:30,317 root         DEBUG    fetching matching logs to determine build pass/fail
2022-06-12 17:15:30,448 root         DEBUG    matching logs: 0
2022-06-12 17:15:30,449 root         DEBUG    fetching matching summaries to extract test results
2022-06-12 17:15:30,509 root         DEBUG    matching summaries: 0
2022-06-12 17:15:30,509 root         DEBUG    finished reading logs
2022-06-12 17:15:30,509 root         INFO     missing summary data for v8.4.0b00, develop [acorn]
2022-06-12 17:15:30,509 root         INFO     processing hash [3: v8.3.0b16]
2022-06-12 17:15:30,509 root         DEBUG    generating summary for [v8.3.0b16]
2022-06-12 17:15:30,509 root         DEBUG    fetching matching logs to determine build pass/fail
2022-06-12 17:15:30,644 root         DEBUG    matching logs: 0
2022-06-12 17:15:30,644 root         DEBUG    fetching matching summaries to extract test results
2022-06-12 17:15:30,707 root         DEBUG    matching summaries: 0
2022-06-12 17:15:30,707 root         DEBUG    finished reading logs
2022-06-12 17:15:30,707 root         INFO     missing summary data for v8.3.0b16, develop [acorn]
2022-06-12 17:15:30,707 root         INFO     processing hash [4: v8.3.0b15-6-g3df5f26]
2022-06-12 17:15:30,707 root         DEBUG    generating summary for [v8.3.0b15-6-g3df5f26]
2022-06-12 17:15:30,707 root         DEBUG    fetching matching logs to determine build pass/fail
2022-06-12 17:15:30,845 root         DEBUG    matching logs: 0
2022-06-12 17:15:30,846 root         DEBUG    fetching matching summaries to extract test results
2022-06-12 17:15:30,908 root         DEBUG    matching summaries: 0
2022-06-12 17:15:30,908 root         DEBUG    finished reading logs
2022-06-12 17:15:30,908 root         INFO     missing summary data for v8.3.0b15-6-g3df5f26, develop [acorn]
2022-06-12 17:15:30,909 root         INFO     processing hash [5: v8.3.0b15]
2022-06-12 17:15:30,909 root         DEBUG    generating summary for [v8.3.0b15]
2022-06-12 17:15:30,909 root         DEBUG    fetching matching logs to determine build pass/fail
2022-06-12 17:15:31,049 root         DEBUG    matching logs: 0
2022-06-12 17:15:31,049 root         DEBUG    fetching matching summaries to extract test results
2022-06-12 17:15:31,110 root         DEBUG    matching summaries: 0
2022-06-12 17:15:31,110 root         DEBUG    finished reading logs
2022-06-12 17:15:31,110 root         INFO     missing summary data for v8.3.0b15, develop [acorn]
2022-06-12 17:15:31,110 root         INFO     processing hash [6: v8.3.0b14-2-gde129fc]
2022-06-12 17:15:31,111 root         DEBUG    generating summary for [v8.3.0b14-2-gde129fc]
2022-06-12 17:15:31,111 root         DEBUG    fetching matching logs to determine build pass/fail
2022-06-12 17:15:31,244 root         DEBUG    matching logs: 0
2022-06-12 17:15:31,244 root         DEBUG    fetching matching summaries to extract test results
2022-06-12 17:15:31,352 root         DEBUG    matching summaries: 0
2022-06-12 17:15:31,352 root         DEBUG    finished reading logs
2022-06-12 17:15:31,353 root         INFO     missing summary data for v8.3.0b14-2-gde129fc, develop [acorn]
2022-06-12 17:15:31,353 root         INFO     processing hash [7: v8.3.0b13-29-g945a2c1]
2022-06-12 17:15:31,353 root         DEBUG    generating summary for [v8.3.0b13-29-g945a2c1]
2022-06-12 17:15:31,353 root         DEBUG    fetching matching logs to determine build pass/fail
2022-06-12 17:15:31,489 root         DEBUG    matching logs: 0
2022-06-12 17:15:31,489 root         DEBUG    fetching matching summaries to extract test results
2022-06-12 17:15:31,553 root         DEBUG    matching summaries: 0
2022-06-12 17:15:31,553 root         DEBUG    finished reading logs
2022-06-12 17:15:31,553 root         INFO     missing summary data for v8.3.0b13-29-g945a2c1, develop [acorn]
2022-06-12 17:15:31,553 root         INFO     processing hash [8: v8.3.0b13-25-g69a8078]
2022-06-12 17:15:31,553 root         DEBUG    generating summary for [v8.3.0b13-25-g69a8078]
2022-06-12 17:15:31,553 root         DEBUG    fetching matching logs to determine build pass/fail
2022-06-12 17:15:31,689 root         DEBUG    matching logs: 0
2022-06-12 17:15:31,689 root         DEBUG    fetching matching summaries to extract test results
2022-06-12 17:15:31,753 root         DEBUG    matching summaries: 0
2022-06-12 17:15:31,753 root         DEBUG    finished reading logs
2022-06-12 17:15:31,753 root         INFO     missing summary data for v8.3.0b13-25-g69a8078, develop [acorn]
2022-06-12 17:15:31,753 root         INFO     processing hash [9: v8.3.0b13]
2022-06-12 17:15:31,753 root         DEBUG    generating summary for [v8.3.0b13]
2022-06-12 17:15:31,753 root         DEBUG    fetching matching logs to determine build pass/fail
2022-06-12 17:15:31,891 root         DEBUG    matching logs: 0
2022-06-12 17:15:31,891 root         DEBUG    fetching matching summaries to extract test results
2022-06-12 17:15:31,955 root         DEBUG    matching summaries: 0
2022-06-12 17:15:31,955 root         DEBUG    finished reading logs
2022-06-12 17:15:31,955 root         INFO     missing summary data for v8.3.0b13, develop [acorn]
2022-06-12 17:15:31,955 root         INFO     processing hash [10: v8.3.0b12-72-g1df70b4]
2022-06-12 17:15:31,955 root         DEBUG    generating summary for [v8.3.0b12-72-g1df70b4]
2022-06-12 17:15:31,955 root         DEBUG    fetching matching logs to determine build pass/fail
2022-06-12 17:15:32,099 root         DEBUG    matching logs: 0
2022-06-12 17:15:32,099 root         DEBUG    fetching matching summaries to extract test results
2022-06-12 17:15:32,161 root         DEBUG    matching summaries: 0
2022-06-12 17:15:32,162 root         DEBUG    finished reading logs
2022-06-12 17:15:32,162 root         INFO     missing summary data for v8.3.0b12-72-g1df70b4, develop [acorn]
2022-06-12 17:15:32,162 root         INFO     processing hash [11: v8.3.0b12-66-g9684790]
2022-06-12 17:15:32,162 root         DEBUG    generating summary for [v8.3.0b12-66-g9684790]
2022-06-12 17:15:32,162 root         DEBUG    fetching matching logs to determine build pass/fail
2022-06-12 17:15:32,300 root         DEBUG    matching logs: 0
2022-06-12 17:15:32,300 root         DEBUG    fetching matching summaries to extract test results
2022-06-12 17:15:32,365 root         DEBUG    matching summaries: 0
2022-06-12 17:15:32,365 root         DEBUG    finished reading logs
2022-06-12 17:15:32,365 root         INFO     missing summary data for v8.3.0b12-66-g9684790, develop [acorn]
2022-06-12 17:15:32,365 root         INFO     processing hash [12: v8.3.0b12-61-g0687c4c]
2022-06-12 17:15:32,365 root         DEBUG    generating summary for [v8.3.0b12-61-g0687c4c]
2022-06-12 17:15:32,365 root         DEBUG    fetching matching logs to determine build pass/fail
2022-06-12 17:15:32,508 root         DEBUG    matching logs: 0
2022-06-12 17:15:32,508 root         DEBUG    fetching matching summaries to extract test results
2022-06-12 17:15:32,572 root         DEBUG    matching summaries: 0
2022-06-12 17:15:32,572 root         DEBUG    finished reading logs
2022-06-12 17:15:32,572 root         INFO     missing summary data for v8.3.0b12-61-g0687c4c, develop [acorn]
2022-06-12 17:15:32,572 root         INFO     processing hash [13: v8.3.0b12-59-ge6bf221]
2022-06-12 17:15:32,572 root         DEBUG    generating summary for [v8.3.0b12-59-ge6bf221]
2022-06-12 17:15:32,572 root         DEBUG    fetching matching logs to determine build pass/fail
2022-06-12 17:15:32,708 root         DEBUG    matching logs: 0
2022-06-12 17:15:32,708 root         DEBUG    fetching matching summaries to extract test results
2022-06-12 17:15:32,772 root         DEBUG    matching summaries: 0
2022-06-12 17:15:32,772 root         DEBUG    finished reading logs
2022-06-12 17:15:32,772 root         INFO     missing summary data for v8.3.0b12-59-ge6bf221, develop [acorn]
2022-06-12 17:15:32,772 root         INFO     processing hash [14: v8.3.0b12-1-g7c85d54]
2022-06-12 17:15:32,772 root         DEBUG    generating summary for [v8.3.0b12-1-g7c85d54]
2022-06-12 17:15:32,772 root         DEBUG    fetching matching logs to determine build pass/fail
2022-06-12 17:15:32,902 root         DEBUG    matching logs: 0
2022-06-12 17:15:32,902 root         DEBUG    fetching matching summaries to extract test results
2022-06-12 17:15:32,966 root         DEBUG    matching summaries: 0
2022-06-12 17:15:32,966 root         DEBUG    finished reading logs
2022-06-12 17:15:32,966 root         INFO     missing summary data for v8.3.0b12-1-g7c85d54, develop [acorn]
2022-06-12 17:15:32,966 root         INFO     processing hash [15: v8.3.0b12]
2022-06-12 17:15:32,966 root         DEBUG    generating summary for [v8.3.0b12]
2022-06-12 17:15:32,966 root         DEBUG    fetching matching logs to determine build pass/fail
2022-06-12 17:15:33,092 root         DEBUG    matching logs: 0
2022-06-12 17:15:33,092 root         DEBUG    fetching matching summaries to extract test results
2022-06-12 17:15:33,154 root         DEBUG    matching summaries: 0
2022-06-12 17:15:33,154 root         DEBUG    finished reading logs
2022-06-12 17:15:33,154 root         INFO     missing summary data for v8.3.0b12, develop [acorn]
2022-06-12 17:15:33,155 root         INFO     processing hash [16: v8.3.0b11-1-g7cbbce7]
2022-06-12 17:15:33,155 root         DEBUG    generating summary for [v8.3.0b11-1-g7cbbce7]
2022-06-12 17:15:33,155 root         DEBUG    fetching matching logs to determine build pass/fail
2022-06-12 17:15:33,280 root         DEBUG    matching logs: 0
2022-06-12 17:15:33,280 root         DEBUG    fetching matching summaries to extract test results
2022-06-12 17:15:33,342 root         DEBUG    matching summaries: 0
2022-06-12 17:15:33,342 root         DEBUG    finished reading logs
2022-06-12 17:15:33,342 root         INFO     missing summary data for v8.3.0b11-1-g7cbbce7, develop [acorn]
2022-06-12 17:15:33,343 root         INFO     processing hash [17: v8.3.0b11]
2022-06-12 17:15:33,343 root         DEBUG    generating summary for [v8.3.0b11]
2022-06-12 17:15:33,343 root         DEBUG    fetching matching logs to determine build pass/fail
2022-06-12 17:15:33,466 root         DEBUG    matching logs: 0
2022-06-12 17:15:33,466 root         DEBUG    fetching matching summaries to extract test results
2022-06-12 17:15:33,528 root         DEBUG    matching summaries: 0
2022-06-12 17:15:33,529 root         DEBUG    finished reading logs
2022-06-12 17:15:33,529 root         INFO     missing summary data for v8.3.0b11, develop [acorn]
2022-06-12 17:15:33,529 root         INFO     processing hash [18: v8.3.0b10-105-ga5295e3]
2022-06-12 17:15:33,529 root         DEBUG    generating summary for [v8.3.0b10-105-ga5295e3]
2022-06-12 17:15:33,529 root         DEBUG    fetching matching logs to determine build pass/fail
2022-06-12 17:15:33,652 root         DEBUG    matching logs: 0
2022-06-12 17:15:33,652 root         DEBUG    fetching matching summaries to extract test results
2022-06-12 17:15:33,714 root         DEBUG    matching summaries: 0
2022-06-12 17:15:33,714 root         DEBUG    finished reading logs
2022-06-12 17:15:33,714 root         INFO     missing summary data for v8.3.0b10-105-ga5295e3, develop [acorn]
2022-06-12 17:15:33,714 root         INFO     processing hash [19: v8.3.0b09-4-g424b2f2]
2022-06-12 17:15:33,714 root         DEBUG    generating summary for [v8.3.0b09-4-g424b2f2]
2022-06-12 17:15:33,714 root         DEBUG    fetching matching logs to determine build pass/fail
2022-06-12 17:15:33,836 root         DEBUG    matching logs: 0
2022-06-12 17:15:33,837 root         DEBUG    fetching matching summaries to extract test results
2022-06-12 17:15:33,899 root         DEBUG    matching summaries: 0
2022-06-12 17:15:33,899 root         DEBUG    finished reading logs
2022-06-12 17:15:33,899 root         INFO     missing summary data for v8.3.0b09-4-g424b2f2, develop [acorn]
2022-06-12 17:15:33,899 root         INFO     processing hash [20: v8.3.0b09-3-ge20ebbf]
2022-06-12 17:15:33,899 root         DEBUG    generating summary for [v8.3.0b09-3-ge20ebbf]
2022-06-12 17:15:33,899 root         DEBUG    fetching matching logs to determine build pass/fail
2022-06-12 17:15:33,945 root         DEBUG    matched other version v8.3.0b09-3-ge20ebbf11d
2022-06-12 17:15:33,962 root         DEBUG    matched other version v8.3.0b09-3-ge20ebbf11d
2022-06-12 17:15:34,025 root         DEBUG    matching logs: 2
2022-06-12 17:15:34,025 root         DEBUG    fetching matching summaries to extract test results
2022-06-12 17:15:34,039 root         DEBUG    matched other version v8.3.0b09-3-ge20ebbf11d
2022-06-12 17:15:34,041 root         DEBUG    matched other version v8.3.0b09-3-ge20ebbf11d
2022-06-12 17:15:34,090 root         DEBUG    matching summaries: 2
2022-06-12 17:15:34,127 root         DEBUG    finished reading logs
2022-06-12 17:15:34,128 root         ERROR    found no numeric unit test results, setting to fail [/scratch1/NCEPDEV/nems/role.esmfmaint/esmf-test-artifacts/develop/acorn/intel/2019.3/O/mpi/8.1.7/summary.dat]
2022-06-12 17:15:34,128 root         ERROR    message: invalid literal for int() with base 10: 'unit'
2022-06-12 17:15:34,128 root         ERROR    line being parsed: unit tests did not complete
2022-06-12 17:15:34,128 root         ERROR    found no numeric system test results, setting to fail [/scratch1/NCEPDEV/nems/role.esmfmaint/esmf-test-artifacts/develop/acorn/intel/2019.3/O/mpi/8.1.7/summary.dat]
2022-06-12 17:15:34,128 root         ERROR    message: invalid literal for int() with base 10: 'system'
2022-06-12 17:15:34,128 root         ERROR    line being parsed: system tests did not complete
2022-06-12 17:15:34,128 root         ERROR    found no numeric example test results, setting to fail [/scratch1/NCEPDEV/nems/role.esmfmaint/esmf-test-artifacts/develop/acorn/intel/2019.3/O/mpi/8.1.7/summary.dat]
2022-06-12 17:15:34,128 root         ERROR    message: invalid literal for int() with base 10: 'No'
2022-06-12 17:15:34,128 root         ERROR    line being parsed: No examples ran
2022-06-12 17:15:34,170 root         ERROR    found no numeric unit test results, setting to fail [/scratch1/NCEPDEV/nems/role.esmfmaint/esmf-test-artifacts/develop/acorn/intel/2019.3/g/mpi/8.1.7/summary.dat]
2022-06-12 17:15:34,170 root         ERROR    message: invalid literal for int() with base 10: 'unit'
2022-06-12 17:15:34,170 root         ERROR    line being parsed: unit tests did not complete
2022-06-12 17:15:34,171 root         ERROR    found no numeric system test results, setting to fail [/scratch1/NCEPDEV/nems/role.esmfmaint/esmf-test-artifacts/develop/acorn/intel/2019.3/g/mpi/8.1.7/summary.dat]
2022-06-12 17:15:34,171 root         ERROR    message: invalid literal for int() with base 10: 'system'
2022-06-12 17:15:34,171 root         ERROR    line being parsed: system tests did not complete
2022-06-12 17:15:34,171 root         ERROR    found no numeric example test results, setting to fail [/scratch1/NCEPDEV/nems/role.esmfmaint/esmf-test-artifacts/develop/acorn/intel/2019.3/g/mpi/8.1.7/summary.dat]
2022-06-12 17:15:34,171 root         ERROR    message: invalid literal for int() with base 10: 'No'
2022-06-12 17:15:34,171 root         ERROR    line being parsed: No examples ran
2022-06-12 17:15:34,208 root         DEBUG    checking out summary
2022-06-12 17:15:34,208 root         DEBUG    writing archive v8.3.0b09-3-ge20ebbf length 2
2022-06-12 17:15:34,215 root         INFO     processed [2] rows
2022-06-12 17:15:34,216 root         DEBUG    writing files /tmp/esmf_branch_summary_space/develop/v8.3.0b09-3-ge20ebbf
2022-06-12 17:15:34,216 root         DEBUG    writing file md: /tmp/esmf_branch_summary_space/develop/v8.3.0b09-3-ge20ebbf
2022-06-12 17:15:34,217 root         DEBUG    writing file csv[2]: /tmp/esmf_branch_summary_space/develop/v8.3.0b09-3-ge20ebbf
2022-06-12 17:15:34,217 root         DEBUG    adding all modified files in summary
2022-06-12 17:15:34,222 root         DEBUG    committing to summary
2022-06-12 17:15:34,228 root         INFO     On branch main
Your branch is up to date with 'origin/main'.

nothing to commit, working tree clean

2022-06-12 17:15:34,627 root         INFO     finished summary for B:develop M: acorn [v8.3.0b09-3-ge20ebbf]
2022-06-12 17:15:34,627 root         INFO     processing hash [21: v8.3.0b09-1-g1bcf580]
2022-06-12 17:15:34,627 root         DEBUG    generating summary for [v8.3.0b09-1-g1bcf580]
2022-06-12 17:15:34,627 root         DEBUG    fetching matching logs to determine build pass/fail
2022-06-12 17:15:34,747 root         DEBUG    matching logs: 0
2022-06-12 17:15:34,747 root         DEBUG    fetching matching summaries to extract test results
2022-06-12 17:15:34,806 root         DEBUG    matching summaries: 0
2022-06-12 17:15:34,806 root         DEBUG    finished reading logs
2022-06-12 17:15:34,806 root         INFO     missing summary data for v8.3.0b09-1-g1bcf580, develop [acorn]
2022-06-12 17:15:34,806 root         INFO     processing hash [22: v8.3.0b09]
2022-06-12 17:15:34,806 root         DEBUG    generating summary for [v8.3.0b09]
2022-06-12 17:15:34,806 root         DEBUG    fetching matching logs to determine build pass/fail
2022-06-12 17:15:34,926 root         DEBUG    matching logs: 0
2022-06-12 17:15:34,927 root         DEBUG    fetching matching summaries to extract test results
2022-06-12 17:15:34,988 root         DEBUG    matching summaries: 0
2022-06-12 17:15:34,988 root         DEBUG    finished reading logs
2022-06-12 17:15:34,988 root         INFO     missing summary data for v8.3.0b09, develop [acorn]
2022-06-12 17:15:34,988 root         INFO     finished summaries for branch develop on machine acorn
2022-06-12 17:15:34,989 root         INFO     generating summaries for develop [catania]
2022-06-12 17:15:34,989 root         DEBUG    checking out catania
2022-06-12 17:15:44,876 root         DEBUG    pulling from catania
2022-06-12 17:15:45,401 root         INFO     processing hash [0: v8.4.0b01-2-gf0d4ab2]
2022-06-12 17:15:45,402 root         DEBUG    generating summary for [v8.4.0b01-2-gf0d4ab2]
2022-06-12 17:15:45,402 root         DEBUG    fetching matching logs to determine build pass/fail
2022-06-12 17:15:45,423 root         DEBUG    matched other version v8.4.0b01-2-gf0d4ab211d
2022-06-12 17:15:45,451 root         DEBUG    matched other version v8.4.0b01-2-gf0d4ab211d
2022-06-12 17:15:45,475 root         DEBUG    matched other version v8.4.0b01-2-gf0d4ab211d
2022-06-12 17:15:45,488 root         DEBUG    matched other version v8.4.0b01-2-gf0d4ab211d
2022-06-12 17:15:45,491 root         DEBUG    matching logs: 4
2022-06-12 17:15:45,491 root         DEBUG    fetching matching summaries to extract test results
2022-06-12 17:15:45,495 root         DEBUG    matched other version v8.4.0b01-2-gf0d4ab211d
2022-06-12 17:15:45,498 root         DEBUG    matched other version v8.4.0b01-2-gf0d4ab211d
2022-06-12 17:15:45,502 root         DEBUG    matched other version v8.4.0b01-2-gf0d4ab211d
2022-06-12 17:15:45,506 root         DEBUG    matched other version v8.4.0b01-2-gf0d4ab211d
2022-06-12 17:15:45,510 root         DEBUG    matching summaries: 4
2022-06-12 17:15:45,561 root         DEBUG    finished reading logs
2022-06-12 17:15:47,497 root         DEBUG    checking out summary
2022-06-12 17:15:47,497 root         DEBUG    writing archive v8.4.0b01-2-gf0d4ab2 length 4
2022-06-12 17:15:47,506 root         INFO     processed [4] rows
2022-06-12 17:15:47,506 root         DEBUG    writing files /tmp/esmf_branch_summary_space/develop/v8.4.0b01-2-gf0d4ab2
2022-06-12 17:15:47,510 root         DEBUG    writing file -latest: /tmp/esmf_branch_summary_space/develop/v8.4.0b01-2-gf0d4ab2
2022-06-12 17:15:47,523 root         DEBUG    writing file md: /tmp/esmf_branch_summary_space/develop/v8.4.0b01-2-gf0d4ab2
2022-06-12 17:15:47,535 root         DEBUG    writing file csv[75]: /tmp/esmf_branch_summary_space/develop/v8.4.0b01-2-gf0d4ab2
2022-06-12 17:15:47,536 root         DEBUG    adding all modified files in summary
2022-06-12 17:15:47,540 root         DEBUG    committing to summary
2022-06-12 17:15:48,141 root         INFO     finished summary for B:develop M: catania [v8.4.0b01-2-gf0d4ab2]
2022-06-12 17:15:48,141 root         INFO     processing hash [1: v8.4.0b01-1-g3c875a5]
2022-06-12 17:15:48,141 root         DEBUG    generating summary for [v8.4.0b01-1-g3c875a5]
2022-06-12 17:15:48,142 root         DEBUG    fetching matching logs to determine build pass/fail
2022-06-12 17:15:48,216 root         DEBUG    matching logs: 0
2022-06-12 17:15:48,216 root         DEBUG    fetching matching summaries to extract test results
2022-06-12 17:15:48,236 root         DEBUG    matching summaries: 0
2022-06-12 17:15:48,236 root         DEBUG    finished reading logs
2022-06-12 17:15:48,236 root         INFO     missing summary data for v8.4.0b01-1-g3c875a5, develop [catania]
2022-06-12 17:15:48,236 root         INFO     processing hash [2: v8.4.0b01]
2022-06-12 17:15:48,236 root         DEBUG    generating summary for [v8.4.0b01]
2022-06-12 17:15:48,236 root         DEBUG    fetching matching logs to determine build pass/fail
2022-06-12 17:15:48,306 root         DEBUG    matching logs: 0
2022-06-12 17:15:48,306 root         DEBUG    fetching matching summaries to extract test results
2022-06-12 17:15:48,325 root         DEBUG    matching summaries: 0
2022-06-12 17:15:48,325 root         DEBUG    finished reading logs
2022-06-12 17:15:48,325 root         INFO     missing summary data for v8.4.0b01, develop [catania]
2022-06-12 17:15:48,325 root         INFO     processing hash [3: v8.4.0b00]
2022-06-12 17:15:48,325 root         DEBUG    generating summary for [v8.4.0b00]
2022-06-12 17:15:48,325 root         DEBUG    fetching matching logs to determine build pass/fail
2022-06-12 17:15:48,393 root         DEBUG    matching logs: 0
2022-06-12 17:15:48,393 root         DEBUG    fetching matching summaries to extract test results
2022-06-12 17:15:48,412 root         DEBUG    matching summaries: 0
2022-06-12 17:15:48,413 root         DEBUG    finished reading logs
2022-06-12 17:15:48,413 root         INFO     missing summary data for v8.4.0b00, develop [catania]
2022-06-12 17:15:48,413 root         INFO     processing hash [4: v8.3.0b16]
2022-06-12 17:15:48,413 root         DEBUG    generating summary for [v8.3.0b16]
2022-06-12 17:15:48,413 root         DEBUG    fetching matching logs to determine build pass/fail
2022-06-12 17:15:48,482 root         DEBUG    matching logs: 0
2022-06-12 17:15:48,482 root         DEBUG    fetching matching summaries to extract test results
2022-06-12 17:15:48,502 root         DEBUG    matching summaries: 0
2022-06-12 17:15:48,502 root         DEBUG    finished reading logs
2022-06-12 17:15:48,502 root         INFO     missing summary data for v8.3.0b16, develop [catania]
2022-06-12 17:15:48,502 root         INFO     processing hash [5: v8.3.0b15-6-g3df5f26]
2022-06-12 17:15:48,502 root         DEBUG    generating summary for [v8.3.0b15-6-g3df5f26]
2022-06-12 17:15:48,502 root         DEBUG    fetching matching logs to determine build pass/fail
2022-06-12 17:15:48,572 root         DEBUG    matching logs: 0
2022-06-12 17:15:48,572 root         DEBUG    fetching matching summaries to extract test results
2022-06-12 17:15:48,591 root         DEBUG    matching summaries: 0
2022-06-12 17:15:48,591 root         DEBUG    finished reading logs
2022-06-12 17:15:48,591 root         INFO     missing summary data for v8.3.0b15-6-g3df5f26, develop [catania]
2022-06-12 17:15:48,591 root         INFO     processing hash [6: v8.3.0b15]
2022-06-12 17:15:48,591 root         DEBUG    generating summary for [v8.3.0b15]
2022-06-12 17:15:48,591 root         DEBUG    fetching matching logs to determine build pass/fail
2022-06-12 17:15:48,663 root         DEBUG    matching logs: 0
2022-06-12 17:15:48,663 root         DEBUG    fetching matching summaries to extract test results
2022-06-12 17:15:48,683 root         DEBUG    matching summaries: 0
2022-06-12 17:15:48,683 root         DEBUG    finished reading logs
2022-06-12 17:15:48,683 root         INFO     missing summary data for v8.3.0b15, develop [catania]
2022-06-12 17:15:48,683 root         INFO     processing hash [7: v8.3.0b13-17-g28d0d30]
2022-06-12 17:15:48,683 root         DEBUG    generating summary for [v8.3.0b13-17-g28d0d30]
2022-06-12 17:15:48,683 root         DEBUG    fetching matching logs to determine build pass/fail
2022-06-12 17:15:48,754 root         DEBUG    matching logs: 0
2022-06-12 17:15:48,755 root         DEBUG    fetching matching summaries to extract test results
2022-06-12 17:15:48,774 root         DEBUG    matching summaries: 0
2022-06-12 17:15:48,774 root         DEBUG    finished reading logs
2022-06-12 17:15:48,774 root         INFO     missing summary data for v8.3.0b13-17-g28d0d30, develop [catania]
2022-06-12 17:15:48,774 root         INFO     processing hash [8: v8.3.0b13-13-ge46b348]
2022-06-12 17:15:48,774 root         DEBUG    generating summary for [v8.3.0b13-13-ge46b348]
2022-06-12 17:15:48,774 root         DEBUG    fetching matching logs to determine build pass/fail
2022-06-12 17:15:48,843 root         DEBUG    matching logs: 0
2022-06-12 17:15:48,843 root         DEBUG    fetching matching summaries to extract test results
2022-06-12 17:15:48,863 root         DEBUG    matching summaries: 0
2022-06-12 17:15:48,863 root         DEBUG    finished reading logs
2022-06-12 17:15:48,863 root         INFO     missing summary data for v8.3.0b13-13-ge46b348, develop [catania]
2022-06-12 17:15:48,863 root         INFO     processing hash [9: v8.3.0b13-7-g0b3ec3b]
2022-06-12 17:15:48,863 root         DEBUG    generating summary for [v8.3.0b13-7-g0b3ec3b]
2022-06-12 17:15:48,863 root         DEBUG    fetching matching logs to determine build pass/fail
2022-06-12 17:15:48,932 root         DEBUG    matching logs: 0
2022-06-12 17:15:48,932 root         DEBUG    fetching matching summaries to extract test results
2022-06-12 17:15:48,952 root         DEBUG    matching summaries: 0
2022-06-12 17:15:48,952 root         DEBUG    finished reading logs
2022-06-12 17:15:48,952 root         INFO     missing summary data for v8.3.0b13-7-g0b3ec3b, develop [catania]
2022-06-12 17:15:48,952 root         INFO     processing hash [10: v8.3.0b13-3-g648c7f8]
2022-06-12 17:15:48,952 root         DEBUG    generating summary for [v8.3.0b13-3-g648c7f8]
2022-06-12 17:15:48,952 root         DEBUG    fetching matching logs to determine build pass/fail
2022-06-12 17:15:49,021 root         DEBUG    matching logs: 0
2022-06-12 17:15:49,021 root         DEBUG    fetching matching summaries to extract test results
2022-06-12 17:15:49,040 root         DEBUG    matching summaries: 0
2022-06-12 17:15:49,040 root         DEBUG    finished reading logs
2022-06-12 17:15:49,040 root         INFO     missing summary data for v8.3.0b13-3-g648c7f8, develop [catania]
2022-06-12 17:15:49,041 root         INFO     processing hash [11: v8.3.0b13]
2022-06-12 17:15:49,041 root         DEBUG    generating summary for [v8.3.0b13]
2022-06-12 17:15:49,041 root         DEBUG    fetching matching logs to determine build pass/fail
2022-06-12 17:15:49,111 root         DEBUG    matching logs: 0
2022-06-12 17:15:49,111 root         DEBUG    fetching matching summaries to extract test results
2022-06-12 17:15:49,130 root         DEBUG    matching summaries: 0
2022-06-12 17:15:49,130 root         DEBUG    finished reading logs
2022-06-12 17:15:49,130 root         INFO     missing summary data for v8.3.0b13, develop [catania]
2022-06-12 17:15:49,130 root         INFO     processing hash [12: v8.3.0b12-72-g1df70b4]
2022-06-12 17:15:49,131 root         DEBUG    generating summary for [v8.3.0b12-72-g1df70b4]
2022-06-12 17:15:49,131 root         DEBUG    fetching matching logs to determine build pass/fail
2022-06-12 17:15:49,199 root         DEBUG    matching logs: 0
2022-06-12 17:15:49,200 root         DEBUG    fetching matching summaries to extract test results
2022-06-12 17:15:49,219 root         DEBUG    matching summaries: 0
2022-06-12 17:15:49,219 root         DEBUG    finished reading logs
2022-06-12 17:15:49,219 root         INFO     missing summary data for v8.3.0b12-72-g1df70b4, develop [catania]
2022-06-12 17:15:49,219 root         INFO     processing hash [13: v8.3.0b12-66-g9684790]
2022-06-12 17:15:49,219 root         DEBUG    generating summary for [v8.3.0b12-66-g9684790]
2022-06-12 17:15:49,219 root         DEBUG    fetching matching logs to determine build pass/fail
2022-06-12 17:15:49,293 root         DEBUG    matching logs: 0
2022-06-12 17:15:49,293 root         DEBUG    fetching matching summaries to extract test results
2022-06-12 17:15:49,314 root         DEBUG    matching summaries: 0
2022-06-12 17:15:49,314 root         DEBUG    finished reading logs
2022-06-12 17:15:49,314 root         INFO     missing summary data for v8.3.0b12-66-g9684790, develop [catania]
2022-06-12 17:15:49,314 root         INFO     processing hash [14: v8.3.0b12-65-g6d22e4b]
2022-06-12 17:15:49,314 root         DEBUG    generating summary for [v8.3.0b12-65-g6d22e4b]
2022-06-12 17:15:49,314 root         DEBUG    fetching matching logs to determine build pass/fail
2022-06-12 17:15:49,384 root         DEBUG    matching logs: 0
2022-06-12 17:15:49,384 root         DEBUG    fetching matching summaries to extract test results
2022-06-12 17:15:49,404 root         DEBUG    matching summaries: 0
2022-06-12 17:15:49,404 root         DEBUG    finished reading logs
2022-06-12 17:15:49,404 root         INFO     missing summary data for v8.3.0b12-65-g6d22e4b, develop [catania]
2022-06-12 17:15:49,404 root         INFO     finished summaries for branch develop on machine catania
2022-06-12 17:15:49,404 root         INFO     generating summaries for develop [cheyenne]
2022-06-12 17:15:49,404 root         DEBUG    checking out cheyenne
2022-06-12 17:16:10,294 root         DEBUG    pulling from cheyenne
2022-06-12 17:16:10,787 root         INFO     processing hash [0: v8.4.0b01-2-gf0d4ab2]
2022-06-12 17:16:10,787 root         DEBUG    generating summary for [v8.4.0b01-2-gf0d4ab2]
2022-06-12 17:16:10,787 root         DEBUG    fetching matching logs to determine build pass/fail
2022-06-12 17:16:10,806 root         DEBUG    matched other version v8.4.0b01-2-gf0d4ab211d
2022-06-12 17:16:10,841 root         DEBUG    matched other version v8.4.0b01-2-gf0d4ab211d
2022-06-12 17:16:10,859 root         DEBUG    matched other version v8.4.0b01-2-gf0d4ab211d
2022-06-12 17:16:10,880 root         DEBUG    matched other version v8.4.0b01-2-gf0d4ab211d
2022-06-12 17:16:10,902 root         DEBUG    matched other version v8.4.0b01-2-gf0d4ab211d
2022-06-12 17:16:10,923 root         DEBUG    matched other version v8.4.0b01-2-gf0d4ab211d
2022-06-12 17:16:10,943 root         DEBUG    matched other version v8.4.0b01-2-gf0d4ab211d
2022-06-12 17:16:10,958 root         DEBUG    matched other version v8.4.0b01-2-gf0d4ab211d
2022-06-12 17:16:10,973 root         DEBUG    matched other version v8.4.0b01-2-gf0d4ab211d
2022-06-12 17:16:10,987 root         DEBUG    matched other version v8.4.0b01-2-gf0d4ab211d
2022-06-12 17:16:11,007 root         DEBUG    matched other version v8.4.0b01-2-gf0d4ab211d
2022-06-12 17:16:11,031 root         DEBUG    matched other version v8.4.0b01-2-gf0d4ab211d
2022-06-12 17:16:11,063 root         DEBUG    matched other version v8.4.0b01-2-gf0d4ab211d
2022-06-12 17:16:11,095 root         DEBUG    matched other version v8.4.0b01-2-gf0d4ab211d
2022-06-12 17:16:11,124 root         DEBUG    matched other version v8.4.0b01-2-gf0d4ab211d
2022-06-12 17:16:11,139 root         DEBUG    matched other version v8.4.0b01-2-gf0d4ab211d
2022-06-12 17:16:11,161 root         DEBUG    matched other version v8.4.0b01-2-gf0d4ab211d
2022-06-12 17:16:11,215 root         DEBUG    matched other version v8.4.0b01-2-gf0d4ab211d
2022-06-12 17:16:11,292 root         DEBUG    matched other version v8.4.0b01-2-gf0d4ab211d
2022-06-12 17:16:11,308 root         DEBUG    matched other version v8.4.0b01-2-gf0d4ab211d
2022-06-12 17:16:11,314 root         DEBUG    matching logs: 20
2022-06-12 17:16:11,314 root         DEBUG    fetching matching summaries to extract test results
2022-06-12 17:16:11,320 root         DEBUG    matched other version v8.4.0b01-2-gf0d4ab211d
2022-06-12 17:16:11,325 root         DEBUG    matched other version v8.4.0b01-2-gf0d4ab211d
2022-06-12 17:16:11,330 root         DEBUG    matched other version v8.4.0b01-2-gf0d4ab211d
2022-06-12 17:16:11,333 root         DEBUG    matched other version v8.4.0b01-2-gf0d4ab211d
2022-06-12 17:16:11,338 root         DEBUG    matched other version v8.4.0b01-2-gf0d4ab211d
2022-06-12 17:16:11,342 root         DEBUG    matched other version v8.4.0b01-2-gf0d4ab211d
2022-06-12 17:16:11,347 root         DEBUG    matched other version v8.4.0b01-2-gf0d4ab211d
2022-06-12 17:16:11,351 root         DEBUG    matched other version v8.4.0b01-2-gf0d4ab211d
2022-06-12 17:16:11,355 root         DEBUG    matched other version v8.4.0b01-2-gf0d4ab211d
2022-06-12 17:16:11,360 root         DEBUG    matched other version v8.4.0b01-2-gf0d4ab211d
2022-06-12 17:16:11,365 root         DEBUG    matched other version v8.4.0b01-2-gf0d4ab211d
2022-06-12 17:16:11,369 root         DEBUG    matched other version v8.4.0b01-2-gf0d4ab211d
2022-06-12 17:16:11,374 root         DEBUG    matched other version v8.4.0b01-2-gf0d4ab211d
2022-06-12 17:16:11,379 root         DEBUG    matched other version v8.4.0b01-2-gf0d4ab211d
2022-06-12 17:16:11,383 root         DEBUG    matched other version v8.4.0b01-2-gf0d4ab211d
2022-06-12 17:16:11,388 root         DEBUG    matched other version v8.4.0b01-2-gf0d4ab211d
2022-06-12 17:16:11,393 root         DEBUG    matched other version v8.4.0b01-2-gf0d4ab211d
2022-06-12 17:16:11,397 root         DEBUG    matched other version v8.4.0b01-2-gf0d4ab211d
2022-06-12 17:16:11,402 root         DEBUG    matched other version v8.4.0b01-2-gf0d4ab211d
2022-06-12 17:16:11,406 root         DEBUG    matched other version v8.4.0b01-2-gf0d4ab211d
2022-06-12 17:16:11,416 root         DEBUG    matching summaries: 20
2022-06-12 17:16:11,862 root         DEBUG    finished reading logs
2022-06-12 17:16:12,317 root         DEBUG    checking out summary
2022-06-12 17:16:12,317 root         DEBUG    writing archive v8.4.0b01-2-gf0d4ab2 length 20
2022-06-12 17:16:12,328 root         INFO     processed [20] rows
2022-06-12 17:16:12,328 root         DEBUG    writing files /tmp/esmf_branch_summary_space/develop/v8.4.0b01-2-gf0d4ab2
2022-06-12 17:16:12,331 root         DEBUG    writing file -latest: /tmp/esmf_branch_summary_space/develop/v8.4.0b01-2-gf0d4ab2
2022-06-12 17:16:12,344 root         DEBUG    writing file md: /tmp/esmf_branch_summary_space/develop/v8.4.0b01-2-gf0d4ab2
2022-06-12 17:16:12,357 root         DEBUG    writing file csv[75]: /tmp/esmf_branch_summary_space/develop/v8.4.0b01-2-gf0d4ab2
2022-06-12 17:16:12,357 root         DEBUG    adding all modified files in summary
2022-06-12 17:16:12,361 root         DEBUG    committing to summary
2022-06-12 17:16:12,364 root         INFO     On branch main
Your branch is up to date with 'origin/main'.

nothing to commit, working tree clean

2022-06-12 17:16:12,735 root         INFO     finished summary for B:develop M: cheyenne [v8.4.0b01-2-gf0d4ab2]
2022-06-12 17:16:12,735 root         INFO     finished summaries for branch develop on machine cheyenne
2022-06-12 17:16:12,735 root         INFO     generating summaries for develop [chianti]
2022-06-12 17:16:12,736 root         DEBUG    checking out chianti
2022-06-12 17:16:16,367 root         DEBUG    pulling from chianti
2022-06-12 17:16:16,781 root         INFO     processing hash [0: v8.4.0b01-2-gf0d4ab2]
2022-06-12 17:16:16,781 root         DEBUG    generating summary for [v8.4.0b01-2-gf0d4ab2]
2022-06-12 17:16:16,782 root         DEBUG    fetching matching logs to determine build pass/fail
2022-06-12 17:16:16,795 root         DEBUG    matched other version v8.4.0b01-2-gf0d4ab211d
2022-06-12 17:16:16,801 root         DEBUG    matching logs: 1
2022-06-12 17:16:16,801 root         DEBUG    fetching matching summaries to extract test results
2022-06-12 17:16:16,807 root         DEBUG    matching summaries: 0
2022-06-12 17:16:16,815 root         DEBUG    finished reading logs
2022-06-12 17:16:16,815 root         INFO     missing summary data for v8.4.0b01-2-gf0d4ab2, develop [chianti]
2022-06-12 17:16:16,816 root         INFO     finished summaries for branch develop on machine chianti
2022-06-12 17:16:16,816 root         INFO     generating summaries for develop [cori]
2022-06-12 17:16:16,816 root         DEBUG    checking out cori
2022-06-12 17:16:22,090 root         DEBUG    pulling from cori
2022-06-12 17:16:22,525 root         INFO     processing hash [0: v8.4.0b01-2-gf0d4ab2]
2022-06-12 17:16:22,525 root         DEBUG    generating summary for [v8.4.0b01-2-gf0d4ab2]
2022-06-12 17:16:22,525 root         DEBUG    fetching matching logs to determine build pass/fail
2022-06-12 17:16:22,543 root         DEBUG    matched other version v8.4.0b01-2-gf0d4ab211d
2022-06-12 17:16:22,568 root         DEBUG    matched other version v8.4.0b01-2-gf0d4ab211d
2022-06-12 17:16:22,591 root         DEBUG    matched other version v8.4.0b01-2-gf0d4ab211d
2022-06-12 17:16:22,605 root         DEBUG    matched other version v8.4.0b01-2-gf0d4ab211d
2022-06-12 17:16:22,611 root         DEBUG    matching logs: 4
2022-06-12 17:16:22,611 root         DEBUG    fetching matching summaries to extract test results
2022-06-12 17:16:22,616 root         DEBUG    matched other version v8.4.0b01-2-gf0d4ab211d
2022-06-12 17:16:22,619 root         DEBUG    matched other version v8.4.0b01-2-gf0d4ab211d
2022-06-12 17:16:22,623 root         DEBUG    matched other version v8.4.0b01-2-gf0d4ab211d
2022-06-12 17:16:22,626 root         DEBUG    matched other version v8.4.0b01-2-gf0d4ab211d
2022-06-12 17:16:22,631 root         DEBUG    matching summaries: 4
2022-06-12 17:16:22,675 root         DEBUG    finished reading logs
2022-06-12 17:16:22,741 root         DEBUG    checking out summary
2022-06-12 17:16:22,741 root         DEBUG    writing archive v8.4.0b01-2-gf0d4ab2 length 4
2022-06-12 17:16:22,748 root         INFO     processed [4] rows
2022-06-12 17:16:22,748 root         DEBUG    writing files /tmp/esmf_branch_summary_space/develop/v8.4.0b01-2-gf0d4ab2
2022-06-12 17:16:22,752 root         DEBUG    writing file -latest: /tmp/esmf_branch_summary_space/develop/v8.4.0b01-2-gf0d4ab2
2022-06-12 17:16:22,765 root         DEBUG    writing file md: /tmp/esmf_branch_summary_space/develop/v8.4.0b01-2-gf0d4ab2
2022-06-12 17:16:22,778 root         DEBUG    writing file csv[75]: /tmp/esmf_branch_summary_space/develop/v8.4.0b01-2-gf0d4ab2
2022-06-12 17:16:22,778 root         DEBUG    adding all modified files in summary
2022-06-12 17:16:22,782 root         DEBUG    committing to summary
2022-06-12 17:16:22,785 root         INFO     On branch main
Your branch is up to date with 'origin/main'.

nothing to commit, working tree clean

2022-06-12 17:16:23,185 root         INFO     finished summary for B:develop M: cori [v8.4.0b01-2-gf0d4ab2]
2022-06-12 17:16:23,185 root         INFO     finished summaries for branch develop on machine cori
2022-06-12 17:16:23,185 root         INFO     generating summaries for develop [discover]
2022-06-12 17:16:23,185 root         DEBUG    checking out discover
2022-06-12 17:16:23,829 root         DEBUG    pulling from discover
2022-06-12 17:16:24,213 root         INFO     finished summaries for branch develop on machine discover
2022-06-12 17:16:24,213 root         INFO     generating summaries for develop [gaea]
2022-06-12 17:16:24,213 root         DEBUG    checking out gaea
2022-06-12 17:16:28,631 root         DEBUG    pulling from gaea
2022-06-12 17:16:29,048 root         INFO     processing hash [0: v8.4.0b01-2-gf0d4ab2]
2022-06-12 17:16:29,048 root         DEBUG    generating summary for [v8.4.0b01-2-gf0d4ab2]
2022-06-12 17:16:29,048 root         DEBUG    fetching matching logs to determine build pass/fail
2022-06-12 17:16:29,069 root         DEBUG    matched other version v8.4.0b01-2-gf0d4ab211d
2022-06-12 17:16:29,093 root         DEBUG    matched other version v8.4.0b01-2-gf0d4ab211d
2022-06-12 17:16:29,115 root         DEBUG    matched other version v8.4.0b01-2-gf0d4ab211d
2022-06-12 17:16:29,130 root         DEBUG    matched other version v8.4.0b01-2-gf0d4ab211d
2022-06-12 17:16:29,148 root         DEBUG    matched other version v8.4.0b01-2-gf0d4ab211d
2022-06-12 17:16:29,173 root         DEBUG    matched other version v8.4.0b01-2-gf0d4ab211d
2022-06-12 17:16:29,198 root         DEBUG    matched other version v8.4.0b01-2-gf0d4ab211d
2022-06-12 17:16:29,213 root         DEBUG    matched other version v8.4.0b01-2-gf0d4ab211d
2022-06-12 17:16:29,219 root         DEBUG    matching logs: 8
2022-06-12 17:16:29,219 root         DEBUG    fetching matching summaries to extract test results
2022-06-12 17:16:29,224 root         DEBUG    matched other version v8.4.0b01-2-gf0d4ab211d
2022-06-12 17:16:29,227 root         DEBUG    matched other version v8.4.0b01-2-gf0d4ab211d
2022-06-12 17:16:29,232 root         DEBUG    matched other version v8.4.0b01-2-gf0d4ab211d
2022-06-12 17:16:29,235 root         DEBUG    matched other version v8.4.0b01-2-gf0d4ab211d
2022-06-12 17:16:29,240 root         DEBUG    matched other version v8.4.0b01-2-gf0d4ab211d
2022-06-12 17:16:29,243 root         DEBUG    matched other version v8.4.0b01-2-gf0d4ab211d
2022-06-12 17:16:29,247 root         DEBUG    matched other version v8.4.0b01-2-gf0d4ab211d
2022-06-12 17:16:29,250 root         DEBUG    matched other version v8.4.0b01-2-gf0d4ab211d
2022-06-12 17:16:29,256 root         DEBUG    matching summaries: 8
2022-06-12 17:16:29,349 root         DEBUG    finished reading logs
2022-06-12 17:16:29,543 root         DEBUG    checking out summary
2022-06-12 17:16:29,543 root         DEBUG    writing archive v8.4.0b01-2-gf0d4ab2 length 8
2022-06-12 17:16:29,588 root         INFO     processed [8] rows
2022-06-12 17:16:29,588 root         DEBUG    writing files /tmp/esmf_branch_summary_space/develop/v8.4.0b01-2-gf0d4ab2
2022-06-12 17:16:29,592 root         DEBUG    writing file -latest: /tmp/esmf_branch_summary_space/develop/v8.4.0b01-2-gf0d4ab2
2022-06-12 17:16:29,606 root         DEBUG    writing file md: /tmp/esmf_branch_summary_space/develop/v8.4.0b01-2-gf0d4ab2
2022-06-12 17:16:29,620 root         DEBUG    writing file csv[75]: /tmp/esmf_branch_summary_space/develop/v8.4.0b01-2-gf0d4ab2
2022-06-12 17:16:29,621 root         DEBUG    adding all modified files in summary
2022-06-12 17:16:29,625 root         DEBUG    committing to summary
2022-06-12 17:16:29,629 root         INFO     On branch main
Your branch is up to date with 'origin/main'.

nothing to commit, working tree clean

2022-06-12 17:16:30,031 root         INFO     finished summary for B:develop M: gaea [v8.4.0b01-2-gf0d4ab2]
2022-06-12 17:16:30,031 root         INFO     finished summaries for branch develop on machine gaea
2022-06-12 17:16:30,031 root         INFO     generating summaries for develop [gaffney]
2022-06-12 17:16:30,031 root         DEBUG    checking out gaffney
2022-06-12 17:16:31,647 root         DEBUG    pulling from gaffney
2022-06-12 17:16:32,072 root         INFO     finished summaries for branch develop on machine gaffney
2022-06-12 17:16:32,072 root         INFO     generating summaries for develop [hera]
2022-06-12 17:16:32,072 root         DEBUG    checking out hera
2022-06-12 17:16:37,623 root         DEBUG    pulling from hera
2022-06-12 17:16:38,029 root         INFO     processing hash [0: v8.4.0b01-2-gf0d4ab2]
2022-06-12 17:16:38,029 root         DEBUG    generating summary for [v8.4.0b01-2-gf0d4ab2]
2022-06-12 17:16:38,029 root         DEBUG    fetching matching logs to determine build pass/fail
2022-06-12 17:16:38,050 root         DEBUG    matched other version v8.4.0b01-2-gf0d4ab211d
2022-06-12 17:16:38,073 root         DEBUG    matched other version v8.4.0b01-2-gf0d4ab211d
2022-06-12 17:16:38,090 root         DEBUG    matched other version v8.4.0b01-2-gf0d4ab211d
2022-06-12 17:16:38,109 root         DEBUG    matched other version v8.4.0b01-2-gf0d4ab211d
2022-06-12 17:16:38,125 root         DEBUG    matched other version v8.4.0b01-2-gf0d4ab211d
2022-06-12 17:16:38,147 root         DEBUG    matched other version v8.4.0b01-2-gf0d4ab211d
2022-06-12 17:16:38,170 root         DEBUG    matched other version v8.4.0b01-2-gf0d4ab211d
2022-06-12 17:16:38,193 root         DEBUG    matched other version v8.4.0b01-2-gf0d4ab211d
2022-06-12 17:16:38,223 root         DEBUG    matched other version v8.4.0b01-2-gf0d4ab211d
2022-06-12 17:16:38,255 root         DEBUG    matched other version v8.4.0b01-2-gf0d4ab211d
2022-06-12 17:16:38,272 root         DEBUG    matched other version v8.4.0b01-2-gf0d4ab211d
2022-06-12 17:16:38,300 root         DEBUG    matched other version v8.4.0b01-2-gf0d4ab211d
2022-06-12 17:16:38,305 root         DEBUG    matching logs: 12
2022-06-12 17:16:38,305 root         DEBUG    fetching matching summaries to extract test results
2022-06-12 17:16:38,310 root         DEBUG    matched other version v8.4.0b01-2-gf0d4ab211d
2022-06-12 17:16:38,314 root         DEBUG    matched other version v8.4.0b01-2-gf0d4ab211d
2022-06-12 17:16:38,318 root         DEBUG    matched other version v8.4.0b01-2-gf0d4ab211d
2022-06-12 17:16:38,322 root         DEBUG    matched other version v8.4.0b01-2-gf0d4ab211d
2022-06-12 17:16:38,325 root         DEBUG    matched other version v8.4.0b01-2-gf0d4ab211d
2022-06-12 17:16:38,328 root         DEBUG    matched other version v8.4.0b01-2-gf0d4ab211d
2022-06-12 17:16:38,331 root         DEBUG    matched other version v8.4.0b01-2-gf0d4ab211d
2022-06-12 17:16:38,334 root         DEBUG    matched other version v8.4.0b01-2-gf0d4ab211d
2022-06-12 17:16:38,337 root         DEBUG    matched other version v8.4.0b01-2-gf0d4ab211d
2022-06-12 17:16:38,341 root         DEBUG    matched other version v8.4.0b01-2-gf0d4ab211d
2022-06-12 17:16:38,345 root         DEBUG    matched other version v8.4.0b01-2-gf0d4ab211d
2022-06-12 17:16:38,349 root         DEBUG    matched other version v8.4.0b01-2-gf0d4ab211d
2022-06-12 17:16:38,354 root         DEBUG    matching summaries: 12
2022-06-12 17:16:38,517 root         DEBUG    finished reading logs
2022-06-12 17:16:38,557 root         ERROR    found no numeric unit test results, setting to fail [/scratch1/NCEPDEV/nems/role.esmfmaint/esmf-test-artifacts/develop/hera/pgi/19.1/O/intelmpi/2019.0.5/summary.dat]
2022-06-12 17:16:38,558 root         ERROR    message: invalid literal for int() with base 10: 'unit'
2022-06-12 17:16:38,558 root         ERROR    line being parsed: unit tests did not complete
2022-06-12 17:16:38,558 root         ERROR    found no numeric system test results, setting to fail [/scratch1/NCEPDEV/nems/role.esmfmaint/esmf-test-artifacts/develop/hera/pgi/19.1/O/intelmpi/2019.0.5/summary.dat]
2022-06-12 17:16:38,558 root         ERROR    message: invalid literal for int() with base 10: 'system'
2022-06-12 17:16:38,558 root         ERROR    line being parsed: system tests did not complete
2022-06-12 17:16:38,558 root         ERROR    found no numeric example test results, setting to fail [/scratch1/NCEPDEV/nems/role.esmfmaint/esmf-test-artifacts/develop/hera/pgi/19.1/O/intelmpi/2019.0.5/summary.dat]
2022-06-12 17:16:38,558 root         ERROR    message: invalid literal for int() with base 10: 'No'
2022-06-12 17:16:38,558 root         ERROR    line being parsed: No examples ran
2022-06-12 17:16:38,576 root         ERROR    found no numeric unit test results, setting to fail [/scratch1/NCEPDEV/nems/role.esmfmaint/esmf-test-artifacts/develop/hera/pgi/19.1/g/intelmpi/2019.0.5/summary.dat]
2022-06-12 17:16:38,576 root         ERROR    message: invalid literal for int() with base 10: 'unit'
2022-06-12 17:16:38,576 root         ERROR    line being parsed: unit tests did not complete
2022-06-12 17:16:38,576 root         ERROR    found no numeric system test results, setting to fail [/scratch1/NCEPDEV/nems/role.esmfmaint/esmf-test-artifacts/develop/hera/pgi/19.1/g/intelmpi/2019.0.5/summary.dat]
2022-06-12 17:16:38,576 root         ERROR    message: invalid literal for int() with base 10: 'system'
2022-06-12 17:16:38,576 root         ERROR    line being parsed: system tests did not complete
2022-06-12 17:16:38,576 root         ERROR    found no numeric example test results, setting to fail [/scratch1/NCEPDEV/nems/role.esmfmaint/esmf-test-artifacts/develop/hera/pgi/19.1/g/intelmpi/2019.0.5/summary.dat]
2022-06-12 17:16:38,576 root         ERROR    message: invalid literal for int() with base 10: 'No'
2022-06-12 17:16:38,576 root         ERROR    line being parsed: No examples ran
2022-06-12 17:16:38,728 root         DEBUG    checking out summary
2022-06-12 17:16:38,728 root         DEBUG    writing archive v8.4.0b01-2-gf0d4ab2 length 12
2022-06-12 17:16:38,779 root         INFO     processed [12] rows
2022-06-12 17:16:38,779 root         DEBUG    writing files /tmp/esmf_branch_summary_space/develop/v8.4.0b01-2-gf0d4ab2
2022-06-12 17:16:38,782 root         DEBUG    writing file -latest: /tmp/esmf_branch_summary_space/develop/v8.4.0b01-2-gf0d4ab2
2022-06-12 17:16:38,795 root         DEBUG    writing file md: /tmp/esmf_branch_summary_space/develop/v8.4.0b01-2-gf0d4ab2
2022-06-12 17:16:38,808 root         DEBUG    writing file csv[75]: /tmp/esmf_branch_summary_space/develop/v8.4.0b01-2-gf0d4ab2
2022-06-12 17:16:38,808 root         DEBUG    adding all modified files in summary
2022-06-12 17:16:38,813 root         DEBUG    committing to summary
2022-06-12 17:16:38,818 root         INFO     On branch main
Your branch is up to date with 'origin/main'.

nothing to commit, working tree clean

2022-06-12 17:16:39,227 root         INFO     finished summary for B:develop M: hera [v8.4.0b01-2-gf0d4ab2]
2022-06-12 17:16:39,228 root         INFO     finished summaries for branch develop on machine hera
2022-06-12 17:16:39,228 root         INFO     generating summaries for develop [izumi]
2022-06-12 17:16:39,228 root         DEBUG    checking out izumi
2022-06-12 17:16:41,137 root         DEBUG    pulling from izumi
2022-06-12 17:16:41,553 root         INFO     finished summaries for branch develop on machine izumi
2022-06-12 17:16:41,553 root         INFO     generating summaries for develop [jet]
2022-06-12 17:16:41,553 root         DEBUG    checking out jet
2022-06-12 17:16:41,665 root         DEBUG    pulling from jet
2022-06-12 17:16:42,078 root         INFO     processing hash [0: v8.4.0b01-2-gf0d4ab2]
2022-06-12 17:16:42,078 root         DEBUG    generating summary for [v8.4.0b01-2-gf0d4ab2]
2022-06-12 17:16:42,078 root         DEBUG    fetching matching logs to determine build pass/fail
2022-06-12 17:16:42,095 root         DEBUG    matched other version v8.4.0b01-2-gf0d4ab211d
2022-06-12 17:16:42,106 root         DEBUG    matching logs: 1
2022-06-12 17:16:42,106 root         DEBUG    fetching matching summaries to extract test results
2022-06-12 17:16:42,112 root         DEBUG    matched other version v8.4.0b01-2-gf0d4ab211d
2022-06-12 17:16:42,114 root         DEBUG    matched other version v8.4.0b01-2-gf0d4ab211d
2022-06-12 17:16:42,116 root         DEBUG    matching summaries: 2
2022-06-12 17:16:42,124 root         DEBUG    finished reading logs
2022-06-12 17:16:42,125 root         ERROR    found no numeric unit test results, setting to fail [/scratch1/NCEPDEV/nems/role.esmfmaint/esmf-test-artifacts/develop/jet/gfortran/9.2.0/g/openmpi/3.1.4/summary.dat]
2022-06-12 17:16:42,125 root         ERROR    message: invalid literal for int() with base 10: 'unit'
2022-06-12 17:16:42,125 root         ERROR    line being parsed: unit tests did not complete
2022-06-12 17:16:42,125 root         ERROR    found no numeric system test results, setting to fail [/scratch1/NCEPDEV/nems/role.esmfmaint/esmf-test-artifacts/develop/jet/gfortran/9.2.0/g/openmpi/3.1.4/summary.dat]
2022-06-12 17:16:42,125 root         ERROR    message: invalid literal for int() with base 10: 'system'
2022-06-12 17:16:42,125 root         ERROR    line being parsed: system tests did not complete
2022-06-12 17:16:42,125 root         ERROR    found no numeric example test results, setting to fail [/scratch1/NCEPDEV/nems/role.esmfmaint/esmf-test-artifacts/develop/jet/gfortran/9.2.0/g/openmpi/3.1.4/summary.dat]
2022-06-12 17:16:42,125 root         ERROR    message: invalid literal for int() with base 10: 'No'
2022-06-12 17:16:42,125 root         ERROR    line being parsed: No examples ran
2022-06-12 17:16:42,159 root         DEBUG    checking out summary
2022-06-12 17:16:42,159 root         DEBUG    writing archive v8.4.0b01-2-gf0d4ab2 length 2
2022-06-12 17:16:42,210 root         INFO     processed [2] rows
2022-06-12 17:16:42,210 root         DEBUG    writing files /tmp/esmf_branch_summary_space/develop/v8.4.0b01-2-gf0d4ab2
2022-06-12 17:16:42,214 root         DEBUG    writing file -latest: /tmp/esmf_branch_summary_space/develop/v8.4.0b01-2-gf0d4ab2
2022-06-12 17:16:42,228 root         DEBUG    writing file md: /tmp/esmf_branch_summary_space/develop/v8.4.0b01-2-gf0d4ab2
2022-06-12 17:16:42,242 root         DEBUG    writing file csv[75]: /tmp/esmf_branch_summary_space/develop/v8.4.0b01-2-gf0d4ab2
2022-06-12 17:16:42,243 root         DEBUG    adding all modified files in summary
2022-06-12 17:16:42,289 root         DEBUG    committing to summary
2022-06-12 17:16:42,294 root         INFO     On branch main
Your branch is up to date with 'origin/main'.

nothing to commit, working tree clean

2022-06-12 17:16:42,767 root         INFO     finished summary for B:develop M: jet [v8.4.0b01-2-gf0d4ab2]
2022-06-12 17:16:42,767 root         INFO     finished summaries for branch develop on machine jet
2022-06-12 17:16:42,767 root         INFO     generating summaries for develop [onyx]
2022-06-12 17:16:42,767 root         DEBUG    checking out onyx
2022-06-12 17:16:42,804 root         DEBUG    pulling from onyx
2022-06-12 17:16:43,246 root         INFO     finished summaries for branch develop on machine onyx
2022-06-12 17:16:43,247 root         INFO     generating summaries for develop [orion]
2022-06-12 17:16:43,247 root         DEBUG    checking out orion
2022-06-12 17:16:46,487 root         DEBUG    pulling from orion
2022-06-12 17:16:46,928 root         INFO     processing hash [0: v8.4.0b01-2-gf0d4ab2]
2022-06-12 17:16:46,928 root         DEBUG    generating summary for [v8.4.0b01-2-gf0d4ab2]
2022-06-12 17:16:46,928 root         DEBUG    fetching matching logs to determine build pass/fail
2022-06-12 17:16:46,946 root         DEBUG    matched other version v8.4.0b01-2-gf0d4ab2
2022-06-12 17:16:46,967 root         DEBUG    matched other version v8.4.0b01-2-gf0d4ab2
2022-06-12 17:16:46,985 root         DEBUG    matched other version v8.4.0b01-2-gf0d4ab2
2022-06-12 17:16:47,011 root         DEBUG    matched other version v8.4.0b01-2-gf0d4ab2
2022-06-12 17:16:47,034 root         DEBUG    matched other version v8.4.0b01-2-gf0d4ab2
2022-06-12 17:16:47,048 root         DEBUG    matched other version v8.4.0b01-2-gf0d4ab2
2022-06-12 17:16:47,053 root         DEBUG    matching logs: 6
2022-06-12 17:16:47,054 root         DEBUG    fetching matching summaries to extract test results
2022-06-12 17:16:47,058 root         DEBUG    matched other version v8.4.0b01-2-gf0d4ab2
2022-06-12 17:16:47,062 root         DEBUG    matched other version v8.4.0b01-2-gf0d4ab2
2022-06-12 17:16:47,066 root         DEBUG    matched other version v8.4.0b01-2-gf0d4ab2
2022-06-12 17:16:47,069 root         DEBUG    matched other version v8.4.0b01-2-gf0d4ab2
2022-06-12 17:16:47,073 root         DEBUG    matched other version v8.4.0b01-2-gf0d4ab2
2022-06-12 17:16:47,076 root         DEBUG    matched other version v8.4.0b01-2-gf0d4ab2
2022-06-12 17:16:47,081 root         DEBUG    matching summaries: 6
2022-06-12 17:16:47,161 root         DEBUG    finished reading logs
2022-06-12 17:16:47,276 root         DEBUG    checking out summary
2022-06-12 17:16:47,276 root         DEBUG    writing archive v8.4.0b01-2-gf0d4ab2 length 6
2022-06-12 17:16:47,284 root         INFO     processed [6] rows
2022-06-12 17:16:47,285 root         DEBUG    writing files /tmp/esmf_branch_summary_space/develop/v8.4.0b01-2-gf0d4ab2
2022-06-12 17:16:47,289 root         DEBUG    writing file -latest: /tmp/esmf_branch_summary_space/develop/v8.4.0b01-2-gf0d4ab2
2022-06-12 17:16:47,303 root         DEBUG    writing file md: /tmp/esmf_branch_summary_space/develop/v8.4.0b01-2-gf0d4ab2
2022-06-12 17:16:47,318 root         DEBUG    writing file csv[75]: /tmp/esmf_branch_summary_space/develop/v8.4.0b01-2-gf0d4ab2
2022-06-12 17:16:47,319 root         DEBUG    adding all modified files in summary
2022-06-12 17:16:47,324 root         DEBUG    committing to summary
2022-06-12 17:16:47,329 root         INFO     On branch main
Your branch is up to date with 'origin/main'.

nothing to commit, working tree clean

2022-06-12 17:16:47,739 root         INFO     finished summary for B:develop M: orion [v8.4.0b01-2-gf0d4ab2]
2022-06-12 17:16:47,740 root         INFO     finished summaries for branch develop on machine orion
2022-06-12 17:16:47,740 root         DEBUG    pushing to summary
